{"C:\\Works\\GoStack\\gostack11\\practice\\nivel02\\desafios\\desafio-fundamentos-node\\src\\app.ts": {"path":"C:\\Works\\GoStack\\gostack11\\practice\\nivel02\\desafios\\desafio-fundamentos-node\\src\\app.ts","statementMap":{"0":{"start":{"line":1,"column":0},"end":{"line":1,"column":30}},"1":{"start":{"line":2,"column":0},"end":{"line":2,"column":30}},"2":{"start":{"line":4,"column":12},"end":{"line":4,"column":21}},"3":{"start":{"line":5,"column":0},"end":{"line":5,"column":24}},"4":{"start":{"line":6,"column":0},"end":{"line":6,"column":16}},"5":{"start":{"line":8,"column":0},"end":{"line":8,"column":19}}},"fnMap":{},"branchMap":{},"s":{"0":1,"1":1,"2":1,"3":1,"4":1,"5":1},"f":{},"b":{}}
,"C:\\Works\\GoStack\\gostack11\\practice\\nivel02\\desafios\\desafio-fundamentos-node\\src\\models\\Transaction.ts": {"path":"C:\\Works\\GoStack\\gostack11\\practice\\nivel02\\desafios\\desafio-fundamentos-node\\src\\models\\Transaction.ts","statementMap":{"0":{"start":{"line":1,"column":0},"end":{"line":1,"column":34}},"1":{"start":{"line":3,"column":0},"end":{"line":3,"column":null}},"2":{"start":{"line":12,"column":21},"end":{"line":12,"column":23}},"3":{"start":{"line":12,"column":28},"end":{"line":12,"column":30}},"4":{"start":{"line":12,"column":34},"end":{"line":12,"column":61}},"5":{"start":{"line":13,"column":4},"end":{"line":13,"column":21}},"6":{"start":{"line":14,"column":4},"end":{"line":14,"column":23}},"7":{"start":{"line":15,"column":4},"end":{"line":15,"column":23}},"8":{"start":{"line":16,"column":4},"end":{"line":16,"column":21}},"9":{"start":{"line":18,"column":0},"end":{"line":18,"column":null}},"10":{"start":{"line":20,"column":0},"end":{"line":20,"column":27}}},"fnMap":{"0":{"name":"(anonymous_0)","decl":{"start":{"line":3,"column":0},"end":{"line":3,"column":null}},"loc":{"start":{"line":3,"column":0},"end":{"line":18,"column":null}}},"1":{"name":"Transaction","decl":{"start":{"line":12,"column":2},"end":{"line":12,"column":14}},"loc":{"start":{"line":12,"column":61},"end":{"line":17,"column":3}}}},"branchMap":{},"s":{"0":1,"1":1,"2":3,"3":3,"4":3,"5":3,"6":3,"7":3,"8":3,"9":1,"10":1},"f":{"0":1,"1":3},"b":{}}
,"C:\\Works\\GoStack\\gostack11\\practice\\nivel02\\desafios\\desafio-fundamentos-node\\src\\repositories\\TransactionsRepository.ts": {"path":"C:\\Works\\GoStack\\gostack11\\practice\\nivel02\\desafios\\desafio-fundamentos-node\\src\\repositories\\TransactionsRepository.ts","statementMap":{"0":{"start":{"line":1,"column":0},"end":{"line":1,"column":48}},"1":{"start":{"line":9,"column":0},"end":{"line":9,"column":null}},"2":{"start":{"line":13,"column":4},"end":{"line":13,"column":27}},"3":{"start":{"line":16,"column":9},"end":{"line":18,"column":null}},"4":{"start":{"line":17,"column":4},"end":{"line":17,"column":29}},"5":{"start":{"line":20,"column":9},"end":{"line":33,"column":null}},"6":{"start":{"line":22,"column":19},"end":{"line":24,"column":69}},"7":{"start":{"line":23,"column":29},"end":{"line":23,"column":59}},"8":{"start":{"line":24,"column":39},"end":{"line":24,"column":67}},"9":{"start":{"line":26,"column":20},"end":{"line":28,"column":69}},"10":{"start":{"line":27,"column":29},"end":{"line":27,"column":60}},"11":{"start":{"line":28,"column":39},"end":{"line":28,"column":67}},"12":{"start":{"line":30,"column":20},"end":{"line":30,"column":36}},"13":{"start":{"line":32,"column":6},"end":{"line":32,"column":40}},"14":{"start":{"line":35,"column":9},"end":{"line":50,"column":null}},"15":{"start":{"line":35,"column":22},"end":{"line":35,"column":24}},"16":{"start":{"line":35,"column":29},"end":{"line":35,"column":31}},"17":{"start":{"line":35,"column":35},"end":{"line":35,"column":61}},"18":{"start":{"line":37,"column":4},"end":{"line":44,"column":null}},"19":{"start":{"line":38,"column":22},"end":{"line":38,"column":45}},"20":{"start":{"line":40,"column":6},"end":{"line":42,"column":null}},"21":{"start":{"line":41,"column":8},"end":{"line":41,"column":44}},"22":{"start":{"line":46,"column":24},"end":{"line":46,"column":61}},"23":{"start":{"line":47,"column":4},"end":{"line":47,"column":40}},"24":{"start":{"line":49,"column":4},"end":{"line":49,"column":23}},"25":{"start":{"line":51,"column":0},"end":{"line":51,"column":null}},"26":{"start":{"line":53,"column":0},"end":{"line":53,"column":38}}},"fnMap":{"0":{"name":"(anonymous_1)","decl":{"start":{"line":9,"column":0},"end":{"line":9,"column":null}},"loc":{"start":{"line":9,"column":0},"end":{"line":51,"column":null}}},"1":{"name":"TransactionsRepository","decl":{"start":{"line":12,"column":2},"end":{"line":12,"column":null}},"loc":{"start":{"line":12,"column":2},"end":{"line":14,"column":3}}},"2":{"name":"(anonymous_3)","decl":{"start":{"line":16,"column":2},"end":{"line":16,"column":9}},"loc":{"start":{"line":16,"column":2},"end":{"line":18,"column":3}}},"3":{"name":"(anonymous_4)","decl":{"start":{"line":20,"column":2},"end":{"line":20,"column":9}},"loc":{"start":{"line":20,"column":2},"end":{"line":33,"column":3}}},"4":{"name":"(anonymous_5)","decl":{"start":{"line":23,"column":14},"end":{"line":23,"column":25}},"loc":{"start":{"line":23,"column":25},"end":{"line":23,"column":40}}},"5":{"name":"(anonymous_6)","decl":{"start":{"line":24,"column":14},"end":{"line":24,"column":15}},"loc":{"start":{"line":24,"column":34},"end":{"line":24,"column":44}}},"6":{"name":"(anonymous_7)","decl":{"start":{"line":27,"column":14},"end":{"line":27,"column":25}},"loc":{"start":{"line":27,"column":25},"end":{"line":27,"column":40}}},"7":{"name":"(anonymous_8)","decl":{"start":{"line":28,"column":14},"end":{"line":28,"column":15}},"loc":{"start":{"line":28,"column":34},"end":{"line":28,"column":44}}},"8":{"name":"(anonymous_9)","decl":{"start":{"line":35,"column":2},"end":{"line":35,"column":9}},"loc":{"start":{"line":35,"column":61},"end":{"line":50,"column":3}}}},"branchMap":{"0":{"loc":{"start":{"line":37,"column":4},"end":{"line":44,"column":null}},"type":"if","locations":[{"start":{"line":37,"column":4},"end":{"line":44,"column":null}},{"start":{"line":37,"column":4},"end":{"line":44,"column":null}}]},"1":{"loc":{"start":{"line":40,"column":6},"end":{"line":42,"column":null}},"type":"if","locations":[{"start":{"line":40,"column":6},"end":{"line":42,"column":null}},{"start":{"line":40,"column":6},"end":{"line":42,"column":null}}]}},"s":{"0":1,"1":1,"2":1,"3":1,"4":1,"5":1,"6":3,"7":8,"8":6,"9":3,"10":8,"11":2,"12":3,"13":3,"14":1,"15":4,"16":4,"17":4,"18":4,"19":2,"20":2,"21":1,"22":3,"23":3,"24":3,"25":1,"26":1},"f":{"0":1,"1":1,"2":1,"3":3,"4":8,"5":6,"6":8,"7":2,"8":4},"b":{"0":[2,2],"1":[1,1]}}
,"C:\\Works\\GoStack\\gostack11\\practice\\nivel02\\desafios\\desafio-fundamentos-node\\src\\routes\\index.ts": {"path":"C:\\Works\\GoStack\\gostack11\\practice\\nivel02\\desafios\\desafio-fundamentos-node\\src\\routes\\index.ts","statementMap":{"0":{"start":{"line":1,"column":0},"end":{"line":1,"column":33}},"1":{"start":{"line":2,"column":0},"end":{"line":2,"column":53}},"2":{"start":{"line":4,"column":15},"end":{"line":4,"column":23}},"3":{"start":{"line":6,"column":0},"end":{"line":6,"column":47}},"4":{"start":{"line":8,"column":0},"end":{"line":8,"column":22}}},"fnMap":{},"branchMap":{},"s":{"0":1,"1":1,"2":1,"3":1,"4":1},"f":{},"b":{}}
,"C:\\Works\\GoStack\\gostack11\\practice\\nivel02\\desafios\\desafio-fundamentos-node\\src\\routes\\transaction.routes.ts": {"path":"C:\\Works\\GoStack\\gostack11\\practice\\nivel02\\desafios\\desafio-fundamentos-node\\src\\routes\\transaction.routes.ts","statementMap":{"0":{"start":{"line":1,"column":0},"end":{"line":1,"column":33}},"1":{"start":{"line":3,"column":0},"end":{"line":3,"column":76}},"2":{"start":{"line":4,"column":0},"end":{"line":4,"column":76}},"3":{"start":{"line":6,"column":26},"end":{"line":6,"column":34}},"4":{"start":{"line":8,"column":31},"end":{"line":8,"column":59}},"5":{"start":{"line":10,"column":0},"end":{"line":20,"column":3}},"6":{"start":{"line":11,"column":2},"end":{"line":19,"column":null}},"7":{"start":{"line":12,"column":25},"end":{"line":12,"column":53}},"8":{"start":{"line":13,"column":20},"end":{"line":13,"column":55}},"9":{"start":{"line":15,"column":4},"end":{"line":15,"column":52}},"10":{"start":{"line":18,"column":4},"end":{"line":18,"column":61}},"11":{"start":{"line":22,"column":0},"end":{"line":35,"column":3}},"12":{"start":{"line":23,"column":2},"end":{"line":34,"column":null}},"13":{"start":{"line":25,"column":35},"end":{"line":25,"column":47}},"14":{"start":{"line":25,"column":17},"end":{"line":25,"column":19}},"15":{"start":{"line":25,"column":24},"end":{"line":25,"column":26}},"16":{"start":{"line":25,"column":30},"end":{"line":25,"column":35}},"17":{"start":{"line":27,"column":30},"end":{"line":27,"column":82}},"18":{"start":{"line":28,"column":24},"end":{"line":28,"column":71}},"19":{"start":{"line":30,"column":4},"end":{"line":30,"column":38}},"20":{"start":{"line":33,"column":4},"end":{"line":33,"column":61}},"21":{"start":{"line":37,"column":0},"end":{"line":37,"column":33}}},"fnMap":{"0":{"name":"(anonymous_1)","decl":{"start":{"line":10,"column":27},"end":{"line":10,"column":28}},"loc":{"start":{"line":10,"column":45},"end":{"line":20,"column":1}}},"1":{"name":"(anonymous_2)","decl":{"start":{"line":22,"column":28},"end":{"line":22,"column":29}},"loc":{"start":{"line":22,"column":46},"end":{"line":35,"column":1}}}},"branchMap":{},"s":{"0":1,"1":1,"2":1,"3":1,"4":1,"5":1,"6":1,"7":1,"8":1,"9":1,"10":0,"11":1,"12":4,"13":4,"14":4,"15":4,"16":4,"17":4,"18":4,"19":3,"20":1,"21":1},"f":{"0":1,"1":4},"b":{}}
,"C:\\Works\\GoStack\\gostack11\\practice\\nivel02\\desafios\\desafio-fundamentos-node\\src\\services\\CreateTransactionService.ts": {"path":"C:\\Works\\GoStack\\gostack11\\practice\\nivel02\\desafios\\desafio-fundamentos-node\\src\\services\\CreateTransactionService.ts","statementMap":{"0":{"start":{"line":4,"column":0},"end":{"line":4,"column":null}},"1":{"start":{"line":8,"column":4},"end":{"line":8,"column":57}},"2":{"start":{"line":11,"column":9},"end":{"line":15,"column":null}},"3":{"start":{"line":11,"column":23},"end":{"line":11,"column":25}},"4":{"start":{"line":11,"column":30},"end":{"line":11,"column":32}},"5":{"start":{"line":11,"column":36},"end":{"line":11,"column":62}},"6":{"start":{"line":12,"column":34},"end":{"line":12,"column":90}},"7":{"start":{"line":14,"column":4},"end":{"line":14,"column":33}},"8":{"start":{"line":16,"column":0},"end":{"line":16,"column":null}},"9":{"start":{"line":18,"column":0},"end":{"line":18,"column":40}}},"fnMap":{"0":{"name":"(anonymous_0)","decl":{"start":{"line":4,"column":0},"end":{"line":4,"column":null}},"loc":{"start":{"line":4,"column":0},"end":{"line":16,"column":null}}},"1":{"name":"CreateTransactionService","decl":{"start":{"line":7,"column":2},"end":{"line":7,"column":14}},"loc":{"start":{"line":7,"column":60},"end":{"line":9,"column":3}}},"2":{"name":"(anonymous_2)","decl":{"start":{"line":11,"column":2},"end":{"line":11,"column":9}},"loc":{"start":{"line":11,"column":62},"end":{"line":15,"column":3}}}},"branchMap":{},"s":{"0":1,"1":4,"2":1,"3":4,"4":4,"5":4,"6":4,"7":3,"8":1,"9":1},"f":{"0":1,"1":4,"2":4},"b":{}}
}
