TN:
SF:src\app.ts
FNF:0
FNH:0
DA:1,1
DA:2,1
DA:4,1
DA:5,1
DA:6,1
DA:8,1
LF:6
LH:6
BRF:0
BRH:0
end_of_record
TN:
SF:src\models\Transaction.ts
FN:3,(anonymous_0)
FN:12,Transaction
FNF:2
FNH:2
FNDA:1,(anonymous_0)
FNDA:3,Transaction
DA:1,1
DA:3,1
DA:12,3
DA:13,3
DA:14,3
DA:15,3
DA:16,3
DA:18,1
DA:20,1
LF:9
LH:9
BRF:0
BRH:0
end_of_record
TN:
SF:src\repositories\TransactionsRepository.ts
FN:9,(anonymous_1)
FN:12,TransactionsRepository
FN:16,(anonymous_3)
FN:20,(anonymous_4)
FN:23,(anonymous_5)
FN:24,(anonymous_6)
FN:27,(anonymous_7)
FN:28,(anonymous_8)
FN:35,(anonymous_9)
FNF:9
FNH:9
FNDA:1,(anonymous_1)
FNDA:1,TransactionsRepository
FNDA:1,(anonymous_3)
FNDA:3,(anonymous_4)
FNDA:8,(anonymous_5)
FNDA:6,(anonymous_6)
FNDA:8,(anonymous_7)
FNDA:2,(anonymous_8)
FNDA:4,(anonymous_9)
DA:1,1
DA:9,1
DA:13,1
DA:16,1
DA:17,1
DA:20,1
DA:22,3
DA:23,8
DA:24,6
DA:26,3
DA:27,8
DA:28,2
DA:30,3
DA:32,3
DA:35,4
DA:37,4
DA:38,2
DA:40,2
DA:41,1
DA:46,3
DA:47,3
DA:49,3
DA:51,1
DA:53,1
LF:24
LH:24
BRDA:37,0,0,2
BRDA:37,0,1,2
BRDA:40,1,0,1
BRDA:40,1,1,1
BRF:4
BRH:4
end_of_record
TN:
SF:src\routes\index.ts
FNF:0
FNH:0
DA:1,1
DA:2,1
DA:4,1
DA:6,1
DA:8,1
LF:5
LH:5
BRF:0
BRH:0
end_of_record
TN:
SF:src\routes\transaction.routes.ts
FN:10,(anonymous_1)
FN:22,(anonymous_2)
FNF:2
FNH:2
FNDA:1,(anonymous_1)
FNDA:4,(anonymous_2)
DA:1,1
DA:3,1
DA:4,1
DA:6,1
DA:8,1
DA:10,1
DA:11,1
DA:12,1
DA:13,1
DA:15,1
DA:18,0
DA:22,1
DA:23,4
DA:25,4
DA:27,4
DA:28,4
DA:30,3
DA:33,1
DA:37,1
LF:19
LH:18
BRF:0
BRH:0
end_of_record
TN:
SF:src\services\CreateTransactionService.ts
FN:4,(anonymous_0)
FN:7,CreateTransactionService
FN:11,(anonymous_2)
FNF:3
FNH:3
FNDA:1,(anonymous_0)
FNDA:4,CreateTransactionService
FNDA:4,(anonymous_2)
DA:4,1
DA:8,4
DA:11,4
DA:12,4
DA:14,3
DA:16,1
DA:18,1
LF:7
LH:7
BRF:0
BRH:0
end_of_record
